[2020-01-18 01:56:17] local.ERROR: Symfony\Component\Debug\Exception\FatalThrowableError: Call to undefined method Symfony\Component\HttpKernel\Exception\MethodNotAllowedHttpException::getMesagge() in D:\htdocs\aplikasi_sewa_lapang\app\Exceptions\Handler.php:79
Stack trace:
#0 D:\htdocs\aplikasi_sewa_lapang\vendor\laravel\lumen-framework\src\Concerns\RegistersExceptionHandlers.php(105): App\Exceptions\Handler->render(Object(Laravel\Lumen\Http\Request), Object(Symfony\Component\HttpKernel\Exception\MethodNotAllowedHttpException))
#1 D:\htdocs\aplikasi_sewa_lapang\vendor\laravel\lumen-framework\src\Concerns\RoutesRequests.php(173): Laravel\Lumen\Application->sendExceptionToHandler(Object(Symfony\Component\HttpKernel\Exception\MethodNotAllowedHttpException))
#2 D:\htdocs\aplikasi_sewa_lapang\vendor\laravel\lumen-framework\src\Concerns\RoutesRequests.php(108): Laravel\Lumen\Application->dispatch(NULL)
#3 D:\htdocs\aplikasi_sewa_lapang\public\index.php(28): Laravel\Lumen\Application->run()
#4 {main} {"exception":"[object] (Symfony\\Component\\Debug\\Exception\\FatalThrowableError(code: 0): Call to undefined method Symfony\\Component\\HttpKernel\\Exception\\MethodNotAllowedHttpException::getMesagge() at D:\\htdocs\\aplikasi_sewa_lapang\\app\\Exceptions\\Handler.php:79)
[stacktrace]
#0 D:\\htdocs\\aplikasi_sewa_lapang\\vendor\\laravel\\lumen-framework\\src\\Concerns\\RegistersExceptionHandlers.php(105): App\\Exceptions\\Handler->render(Object(Laravel\\Lumen\\Http\\Request), Object(Symfony\\Component\\HttpKernel\\Exception\\MethodNotAllowedHttpException))
#1 D:\\htdocs\\aplikasi_sewa_lapang\\vendor\\laravel\\lumen-framework\\src\\Concerns\\RoutesRequests.php(173): Laravel\\Lumen\\Application->sendExceptionToHandler(Object(Symfony\\Component\\HttpKernel\\Exception\\MethodNotAllowedHttpException))
#2 D:\\htdocs\\aplikasi_sewa_lapang\\vendor\\laravel\\lumen-framework\\src\\Concerns\\RoutesRequests.php(108): Laravel\\Lumen\\Application->dispatch(NULL)
#3 D:\\htdocs\\aplikasi_sewa_lapang\\public\\index.php(28): Laravel\\Lumen\\Application->run()
#4 {main}
"} 
[2020-01-18 01:56:17] local.ERROR: Symfony\Component\Debug\Exception\FatalErrorException: Uncaught Error: Call to undefined method Symfony\Component\HttpKernel\Exception\HttpException::getMesagge() in D:\htdocs\aplikasi_sewa_lapang\app\Exceptions\Handler.php:79
Stack trace:
#0 D:\htdocs\aplikasi_sewa_lapang\vendor\laravel\lumen-framework\src\Concerns\RegistersExceptionHandlers.php(127): App\Exceptions\Handler->render(Object(Laravel\Lumen\Http\Request), Object(Symfony\Component\HttpKernel\Exception\HttpException))
#1 D:\htdocs\aplikasi_sewa_lapang\vendor\laravel\lumen-framework\src\Concerns\RegistersExceptionHandlers.php(50): Laravel\Lumen\Application->handleUncaughtException(Object(Symfony\Component\Debug\Exception\FatalThrowableError))
#2 [internal function]: Laravel\Lumen\Application->Laravel\Lumen\Concerns\{closure}(Object(Error))
#3 {main}
  thrown in D:\htdocs\aplikasi_sewa_lapang\app\Exceptions\Handler.php:79
Stack trace:
#0 D:\htdocs\aplikasi_sewa_lapang\vendor\laravel\lumen-framework\src\Concerns\RegistersExceptionHandlers.php(54): Laravel\Lumen\Application->handleShutdown()
#1 [internal function]: Laravel\Lumen\Application->Laravel\Lumen\Concerns\{closure}()
#2 {main} {"exception":"[object] (Symfony\\Component\\Debug\\Exception\\FatalErrorException(code: 1): Uncaught Error: Call to undefined method Symfony\\Component\\HttpKernel\\Exception\\HttpException::getMesagge() in D:\\htdocs\\aplikasi_sewa_lapang\\app\\Exceptions\\Handler.php:79
Stack trace:
#0 D:\\htdocs\\aplikasi_sewa_lapang\\vendor\\laravel\\lumen-framework\\src\\Concerns\\RegistersExceptionHandlers.php(127): App\\Exceptions\\Handler->render(Object(Laravel\\Lumen\\Http\\Request), Object(Symfony\\Component\\HttpKernel\\Exception\\HttpException))
#1 D:\\htdocs\\aplikasi_sewa_lapang\\vendor\\laravel\\lumen-framework\\src\\Concerns\\RegistersExceptionHandlers.php(50): Laravel\\Lumen\\Application->handleUncaughtException(Object(Symfony\\Component\\Debug\\Exception\\FatalThrowableError))
#2 [internal function]: Laravel\\Lumen\\Application->Laravel\\Lumen\\Concerns\\{closure}(Object(Error))
#3 {main}
  thrown at D:\\htdocs\\aplikasi_sewa_lapang\\app\\Exceptions\\Handler.php:79)
[stacktrace]
#0 D:\\htdocs\\aplikasi_sewa_lapang\\vendor\\laravel\\lumen-framework\\src\\Concerns\\RegistersExceptionHandlers.php(54): Laravel\\Lumen\\Application->handleShutdown()
#1 [internal function]: Laravel\\Lumen\\Application->Laravel\\Lumen\\Concerns\\{closure}()
#2 {main}
"} 
[2020-01-18 02:39:22] local.ERROR: Symfony\Component\Debug\Exception\FatalErrorException: Interface 'Illuminate\Contracts\Auth\Authorizable' not found in D:\htdocs\aplikasi_sewa_lapang\app\Models\Admin.php:11
Stack trace:
#0 D:\htdocs\aplikasi_sewa_lapang\vendor\laravel\lumen-framework\src\Concerns\RegistersExceptionHandlers.php(54): Laravel\Lumen\Application->handleShutdown()
#1 [internal function]: Laravel\Lumen\Application->Laravel\Lumen\Concerns\{closure}()
#2 {main} {"exception":"[object] (Symfony\\Component\\Debug\\Exception\\FatalErrorException(code: 1): Interface 'Illuminate\\Contracts\\Auth\\Authorizable' not found at D:\\htdocs\\aplikasi_sewa_lapang\\app\\Models\\Admin.php:11)
[stacktrace]
#0 D:\\htdocs\\aplikasi_sewa_lapang\\vendor\\laravel\\lumen-framework\\src\\Concerns\\RegistersExceptionHandlers.php(54): Laravel\\Lumen\\Application->handleShutdown()
#1 [internal function]: Laravel\\Lumen\\Application->Laravel\\Lumen\\Concerns\\{closure}()
#2 {main}
"} 
[2020-01-18 02:40:27] local.ERROR: PDOException: SQLSTATE[HY000]: General error: 1364 Field 'nama_admin' doesn't have a default value in D:\htdocs\aplikasi_sewa_lapang\vendor\illuminate\database\Connection.php:463
Stack trace:
#0 D:\htdocs\aplikasi_sewa_lapang\vendor\illuminate\database\Connection.php(463): PDOStatement->execute()
#1 D:\htdocs\aplikasi_sewa_lapang\vendor\illuminate\database\Connection.php(662): Illuminate\Database\Connection->Illuminate\Database\{closure}('insert into `ad...', Array)
#2 D:\htdocs\aplikasi_sewa_lapang\vendor\illuminate\database\Connection.php(629): Illuminate\Database\Connection->runQueryCallback('insert into `ad...', Array, Object(Closure))
#3 D:\htdocs\aplikasi_sewa_lapang\vendor\illuminate\database\Connection.php(464): Illuminate\Database\Connection->run('insert into `ad...', Array, Object(Closure))
#4 D:\htdocs\aplikasi_sewa_lapang\vendor\illuminate\database\Connection.php(416): Illuminate\Database\Connection->statement('insert into `ad...', Array)
#5 D:\htdocs\aplikasi_sewa_lapang\vendor\illuminate\database\Query\Processors\Processor.php(32): Illuminate\Database\Connection->insert('insert into `ad...', Array)
#6 D:\htdocs\aplikasi_sewa_lapang\vendor\illuminate\database\Query\Builder.php(2672): Illuminate\Database\Query\Processors\Processor->processInsertGetId(Object(Illuminate\Database\Query\Builder), 'insert into `ad...', Array, 'id')
#7 D:\htdocs\aplikasi_sewa_lapang\vendor\illuminate\database\Eloquent\Builder.php(1352): Illuminate\Database\Query\Builder->insertGetId(Array, 'id')
#8 D:\htdocs\aplikasi_sewa_lapang\vendor\illuminate\database\Eloquent\Model.php(839): Illuminate\Database\Eloquent\Builder->__call('insertGetId', Array)
#9 D:\htdocs\aplikasi_sewa_lapang\vendor\illuminate\database\Eloquent\Model.php(804): Illuminate\Database\Eloquent\Model->insertAndSetId(Object(Illuminate\Database\Eloquent\Builder), Array)
#10 D:\htdocs\aplikasi_sewa_lapang\vendor\illuminate\database\Eloquent\Model.php(667): Illuminate\Database\Eloquent\Model->performInsert(Object(Illuminate\Database\Eloquent\Builder))
#11 D:\htdocs\aplikasi_sewa_lapang\app\Http\Controllers\AdminController.php(38): Illuminate\Database\Eloquent\Model->save()
#12 [internal function]: App\Http\Controllers\AdminController->store(Object(Laravel\Lumen\Http\Request))
#13 D:\htdocs\aplikasi_sewa_lapang\vendor\illuminate\container\BoundMethod.php(32): call_user_func_array(Array, Array)
#14 D:\htdocs\aplikasi_sewa_lapang\vendor\illuminate\container\Util.php(36): Illuminate\Container\BoundMethod::Illuminate\Container\{closure}()
#15 D:\htdocs\aplikasi_sewa_lapang\vendor\illuminate\container\BoundMethod.php(90): Illuminate\Container\Util::unwrapIfClosure(Object(Closure))
#16 D:\htdocs\aplikasi_sewa_lapang\vendor\illuminate\container\BoundMethod.php(34): Illuminate\Container\BoundMethod::callBoundMethod(Object(Laravel\Lumen\Application), Array, Object(Closure))
#17 D:\htdocs\aplikasi_sewa_lapang\vendor\illuminate\container\Container.php(590): Illuminate\Container\BoundMethod::call(Object(Laravel\Lumen\Application), Array, Array, NULL)
#18 D:\htdocs\aplikasi_sewa_lapang\vendor\laravel\lumen-framework\src\Concerns\RoutesRequests.php(376): Illuminate\Container\Container->call(Array, Array)
#19 D:\htdocs\aplikasi_sewa_lapang\vendor\laravel\lumen-framework\src\Concerns\RoutesRequests.php(342): Laravel\Lumen\Application->callControllerCallable(Array, Array)
#20 D:\htdocs\aplikasi_sewa_lapang\vendor\laravel\lumen-framework\src\Concerns\RoutesRequests.php(316): Laravel\Lumen\Application->callLumenController(Object(App\Http\Controllers\AdminController), 'store', Array)
#21 D:\htdocs\aplikasi_sewa_lapang\vendor\laravel\lumen-framework\src\Concerns\RoutesRequests.php(278): Laravel\Lumen\Application->callControllerAction(Array)
#22 D:\htdocs\aplikasi_sewa_lapang\vendor\laravel\lumen-framework\src\Concerns\RoutesRequests.php(263): Laravel\Lumen\Application->callActionOnArrayBasedRoute(Array)
#23 D:\htdocs\aplikasi_sewa_lapang\vendor\laravel\lumen-framework\src\Concerns\RoutesRequests.php(165): Laravel\Lumen\Application->handleFoundRoute(Array)
#24 D:\htdocs\aplikasi_sewa_lapang\vendor\laravel\lumen-framework\src\Concerns\RoutesRequests.php(416): Laravel\Lumen\Application->Laravel\Lumen\Concerns\{closure}(Object(Laravel\Lumen\Http\Request))
#25 D:\htdocs\aplikasi_sewa_lapang\vendor\laravel\lumen-framework\src\Concerns\RoutesRequests.php(171): Laravel\Lumen\Application->sendThroughPipeline(Array, Object(Closure))
#26 D:\htdocs\aplikasi_sewa_lapang\vendor\laravel\lumen-framework\src\Concerns\RoutesRequests.php(108): Laravel\Lumen\Application->dispatch(NULL)
#27 D:\htdocs\aplikasi_sewa_lapang\public\index.php(28): Laravel\Lumen\Application->run()
#28 {main}

Next Illuminate\Database\QueryException: SQLSTATE[HY000]: General error: 1364 Field 'nama_admin' doesn't have a default value (SQL: insert into `admin` (`username`, `password`, `updated_at`, `created_at`) values (Ini adalah username admin, $2y$10$7irDOct/PWz/KzY2jg6QSOlv07joTc37.4O0r.YiyoIwOqp/qNtd6, 2020-01-18 02:40:27, 2020-01-18 02:40:27)) in D:\htdocs\aplikasi_sewa_lapang\vendor\illuminate\database\Connection.php:669
Stack trace:
#0 D:\htdocs\aplikasi_sewa_lapang\vendor\illuminate\database\Connection.php(629): Illuminate\Database\Connection->runQueryCallback('insert into `ad...', Array, Object(Closure))
#1 D:\htdocs\aplikasi_sewa_lapang\vendor\illuminate\database\Connection.php(464): Illuminate\Database\Connection->run('insert into `ad...', Array, Object(Closure))
#2 D:\htdocs\aplikasi_sewa_lapang\vendor\illuminate\database\Connection.php(416): Illuminate\Database\Connection->statement('insert into `ad...', Array)
#3 D:\htdocs\aplikasi_sewa_lapang\vendor\illuminate\database\Query\Processors\Processor.php(32): Illuminate\Database\Connection->insert('insert into `ad...', Array)
#4 D:\htdocs\aplikasi_sewa_lapang\vendor\illuminate\database\Query\Builder.php(2672): Illuminate\Database\Query\Processors\Processor->processInsertGetId(Object(Illuminate\Database\Query\Builder), 'insert into `ad...', Array, 'id')
#5 D:\htdocs\aplikasi_sewa_lapang\vendor\illuminate\database\Eloquent\Builder.php(1352): Illuminate\Database\Query\Builder->insertGetId(Array, 'id')
#6 D:\htdocs\aplikasi_sewa_lapang\vendor\illuminate\database\Eloquent\Model.php(839): Illuminate\Database\Eloquent\Builder->__call('insertGetId', Array)
#7 D:\htdocs\aplikasi_sewa_lapang\vendor\illuminate\database\Eloquent\Model.php(804): Illuminate\Database\Eloquent\Model->insertAndSetId(Object(Illuminate\Database\Eloquent\Builder), Array)
#8 D:\htdocs\aplikasi_sewa_lapang\vendor\illuminate\database\Eloquent\Model.php(667): Illuminate\Database\Eloquent\Model->performInsert(Object(Illuminate\Database\Eloquent\Builder))
#9 D:\htdocs\aplikasi_sewa_lapang\app\Http\Controllers\AdminController.php(38): Illuminate\Database\Eloquent\Model->save()
#10 [internal function]: App\Http\Controllers\AdminController->store(Object(Laravel\Lumen\Http\Request))
#11 D:\htdocs\aplikasi_sewa_lapang\vendor\illuminate\container\BoundMethod.php(32): call_user_func_array(Array, Array)
#12 D:\htdocs\aplikasi_sewa_lapang\vendor\illuminate\container\Util.php(36): Illuminate\Container\BoundMethod::Illuminate\Container\{closure}()
#13 D:\htdocs\aplikasi_sewa_lapang\vendor\illuminate\container\BoundMethod.php(90): Illuminate\Container\Util::unwrapIfClosure(Object(Closure))
#14 D:\htdocs\aplikasi_sewa_lapang\vendor\illuminate\container\BoundMethod.php(34): Illuminate\Container\BoundMethod::callBoundMethod(Object(Laravel\Lumen\Application), Array, Object(Closure))
#15 D:\htdocs\aplikasi_sewa_lapang\vendor\illuminate\container\Container.php(590): Illuminate\Container\BoundMethod::call(Object(Laravel\Lumen\Application), Array, Array, NULL)
#16 D:\htdocs\aplikasi_sewa_lapang\vendor\laravel\lumen-framework\src\Concerns\RoutesRequests.php(376): Illuminate\Container\Container->call(Array, Array)
#17 D:\htdocs\aplikasi_sewa_lapang\vendor\laravel\lumen-framework\src\Concerns\RoutesRequests.php(342): Laravel\Lumen\Application->callControllerCallable(Array, Array)
#18 D:\htdocs\aplikasi_sewa_lapang\vendor\laravel\lumen-framework\src\Concerns\RoutesRequests.php(316): Laravel\Lumen\Application->callLumenController(Object(App\Http\Controllers\AdminController), 'store', Array)
#19 D:\htdocs\aplikasi_sewa_lapang\vendor\laravel\lumen-framework\src\Concerns\RoutesRequests.php(278): Laravel\Lumen\Application->callControllerAction(Array)
#20 D:\htdocs\aplikasi_sewa_lapang\vendor\laravel\lumen-framework\src\Concerns\RoutesRequests.php(263): Laravel\Lumen\Application->callActionOnArrayBasedRoute(Array)
#21 D:\htdocs\aplikasi_sewa_lapang\vendor\laravel\lumen-framework\src\Concerns\RoutesRequests.php(165): Laravel\Lumen\Application->handleFoundRoute(Array)
#22 D:\htdocs\aplikasi_sewa_lapang\vendor\laravel\lumen-framework\src\Concerns\RoutesRequests.php(416): Laravel\Lumen\Application->Laravel\Lumen\Concerns\{closure}(Object(Laravel\Lumen\Http\Request))
#23 D:\htdocs\aplikasi_sewa_lapang\vendor\laravel\lumen-framework\src\Concerns\RoutesRequests.php(171): Laravel\Lumen\Application->sendThroughPipeline(Array, Object(Closure))
#24 D:\htdocs\aplikasi_sewa_lapang\vendor\laravel\lumen-framework\src\Concerns\RoutesRequests.php(108): Laravel\Lumen\Application->dispatch(NULL)
#25 D:\htdocs\aplikasi_sewa_lapang\public\index.php(28): Laravel\Lumen\Application->run()
#26 {main} {"exception":"[object] (Illuminate\\Database\\QueryException(code: HY000): SQLSTATE[HY000]: General error: 1364 Field 'nama_admin' doesn't have a default value (SQL: insert into `admin` (`username`, `password`, `updated_at`, `created_at`) values (Ini adalah username admin, $2y$10$7irDOct/PWz/KzY2jg6QSOlv07joTc37.4O0r.YiyoIwOqp/qNtd6, 2020-01-18 02:40:27, 2020-01-18 02:40:27)) at D:\\htdocs\\aplikasi_sewa_lapang\\vendor\\illuminate\\database\\Connection.php:669)
[stacktrace]
#0 D:\\htdocs\\aplikasi_sewa_lapang\\vendor\\illuminate\\database\\Connection.php(629): Illuminate\\Database\\Connection->runQueryCallback('insert into `ad...', Array, Object(Closure))
#1 D:\\htdocs\\aplikasi_sewa_lapang\\vendor\\illuminate\\database\\Connection.php(464): Illuminate\\Database\\Connection->run('insert into `ad...', Array, Object(Closure))
#2 D:\\htdocs\\aplikasi_sewa_lapang\\vendor\\illuminate\\database\\Connection.php(416): Illuminate\\Database\\Connection->statement('insert into `ad...', Array)
#3 D:\\htdocs\\aplikasi_sewa_lapang\\vendor\\illuminate\\database\\Query\\Processors\\Processor.php(32): Illuminate\\Database\\Connection->insert('insert into `ad...', Array)
#4 D:\\htdocs\\aplikasi_sewa_lapang\\vendor\\illuminate\\database\\Query\\Builder.php(2672): Illuminate\\Database\\Query\\Processors\\Processor->processInsertGetId(Object(Illuminate\\Database\\Query\\Builder), 'insert into `ad...', Array, 'id')
#5 D:\\htdocs\\aplikasi_sewa_lapang\\vendor\\illuminate\\database\\Eloquent\\Builder.php(1352): Illuminate\\Database\\Query\\Builder->insertGetId(Array, 'id')
#6 D:\\htdocs\\aplikasi_sewa_lapang\\vendor\\illuminate\\database\\Eloquent\\Model.php(839): Illuminate\\Database\\Eloquent\\Builder->__call('insertGetId', Array)
#7 D:\\htdocs\\aplikasi_sewa_lapang\\vendor\\illuminate\\database\\Eloquent\\Model.php(804): Illuminate\\Database\\Eloquent\\Model->insertAndSetId(Object(Illuminate\\Database\\Eloquent\\Builder), Array)
#8 D:\\htdocs\\aplikasi_sewa_lapang\\vendor\\illuminate\\database\\Eloquent\\Model.php(667): Illuminate\\Database\\Eloquent\\Model->performInsert(Object(Illuminate\\Database\\Eloquent\\Builder))
#9 D:\\htdocs\\aplikasi_sewa_lapang\\app\\Http\\Controllers\\AdminController.php(38): Illuminate\\Database\\Eloquent\\Model->save()
#10 [internal function]: App\\Http\\Controllers\\AdminController->store(Object(Laravel\\Lumen\\Http\\Request))
#11 D:\\htdocs\\aplikasi_sewa_lapang\\vendor\\illuminate\\container\\BoundMethod.php(32): call_user_func_array(Array, Array)
#12 D:\\htdocs\\aplikasi_sewa_lapang\\vendor\\illuminate\\container\\Util.php(36): Illuminate\\Container\\BoundMethod::Illuminate\\Container\\{closure}()
#13 D:\\htdocs\\aplikasi_sewa_lapang\\vendor\\illuminate\\container\\BoundMethod.php(90): Illuminate\\Container\\Util::unwrapIfClosure(Object(Closure))
#14 D:\\htdocs\\aplikasi_sewa_lapang\\vendor\\illuminate\\container\\BoundMethod.php(34): Illuminate\\Container\\BoundMethod::callBoundMethod(Object(Laravel\\Lumen\\Application), Array, Object(Closure))
#15 D:\\htdocs\\aplikasi_sewa_lapang\\vendor\\illuminate\\container\\Container.php(590): Illuminate\\Container\\BoundMethod::call(Object(Laravel\\Lumen\\Application), Array, Array, NULL)
#16 D:\\htdocs\\aplikasi_sewa_lapang\\vendor\\laravel\\lumen-framework\\src\\Concerns\\RoutesRequests.php(376): Illuminate\\Container\\Container->call(Array, Array)
#17 D:\\htdocs\\aplikasi_sewa_lapang\\vendor\\laravel\\lumen-framework\\src\\Concerns\\RoutesRequests.php(342): Laravel\\Lumen\\Application->callControllerCallable(Array, Array)
#18 D:\\htdocs\\aplikasi_sewa_lapang\\vendor\\laravel\\lumen-framework\\src\\Concerns\\RoutesRequests.php(316): Laravel\\Lumen\\Application->callLumenController(Object(App\\Http\\Controllers\\AdminController), 'store', Array)
#19 D:\\htdocs\\aplikasi_sewa_lapang\\vendor\\laravel\\lumen-framework\\src\\Concerns\\RoutesRequests.php(278): Laravel\\Lumen\\Application->callControllerAction(Array)
#20 D:\\htdocs\\aplikasi_sewa_lapang\\vendor\\laravel\\lumen-framework\\src\\Concerns\\RoutesRequests.php(263): Laravel\\Lumen\\Application->callActionOnArrayBasedRoute(Array)
#21 D:\\htdocs\\aplikasi_sewa_lapang\\vendor\\laravel\\lumen-framework\\src\\Concerns\\RoutesRequests.php(165): Laravel\\Lumen\\Application->handleFoundRoute(Array)
#22 D:\\htdocs\\aplikasi_sewa_lapang\\vendor\\laravel\\lumen-framework\\src\\Concerns\\RoutesRequests.php(416): Laravel\\Lumen\\Application->Laravel\\Lumen\\Concerns\\{closure}(Object(Laravel\\Lumen\\Http\\Request))
#23 D:\\htdocs\\aplikasi_sewa_lapang\\vendor\\laravel\\lumen-framework\\src\\Concerns\\RoutesRequests.php(171): Laravel\\Lumen\\Application->sendThroughPipeline(Array, Object(Closure))
#24 D:\\htdocs\\aplikasi_sewa_lapang\\vendor\\laravel\\lumen-framework\\src\\Concerns\\RoutesRequests.php(108): Laravel\\Lumen\\Application->dispatch(NULL)
#25 D:\\htdocs\\aplikasi_sewa_lapang\\public\\index.php(28): Laravel\\Lumen\\Application->run()
#26 {main}

[previous exception] [object] (PDOException(code: HY000): SQLSTATE[HY000]: General error: 1364 Field 'nama_admin' doesn't have a default value at D:\\htdocs\\aplikasi_sewa_lapang\\vendor\\illuminate\\database\\Connection.php:463)
[stacktrace]
#0 D:\\htdocs\\aplikasi_sewa_lapang\\vendor\\illuminate\\database\\Connection.php(463): PDOStatement->execute()
#1 D:\\htdocs\\aplikasi_sewa_lapang\\vendor\\illuminate\\database\\Connection.php(662): Illuminate\\Database\\Connection->Illuminate\\Database\\{closure}('insert into `ad...', Array)
#2 D:\\htdocs\\aplikasi_sewa_lapang\\vendor\\illuminate\\database\\Connection.php(629): Illuminate\\Database\\Connection->runQueryCallback('insert into `ad...', Array, Object(Closure))
#3 D:\\htdocs\\aplikasi_sewa_lapang\\vendor\\illuminate\\database\\Connection.php(464): Illuminate\\Database\\Connection->run('insert into `ad...', Array, Object(Closure))
#4 D:\\htdocs\\aplikasi_sewa_lapang\\vendor\\illuminate\\database\\Connection.php(416): Illuminate\\Database\\Connection->statement('insert into `ad...', Array)
#5 D:\\htdocs\\aplikasi_sewa_lapang\\vendor\\illuminate\\database\\Query\\Processors\\Processor.php(32): Illuminate\\Database\\Connection->insert('insert into `ad...', Array)
#6 D:\\htdocs\\aplikasi_sewa_lapang\\vendor\\illuminate\\database\\Query\\Builder.php(2672): Illuminate\\Database\\Query\\Processors\\Processor->processInsertGetId(Object(Illuminate\\Database\\Query\\Builder), 'insert into `ad...', Array, 'id')
#7 D:\\htdocs\\aplikasi_sewa_lapang\\vendor\\illuminate\\database\\Eloquent\\Builder.php(1352): Illuminate\\Database\\Query\\Builder->insertGetId(Array, 'id')
#8 D:\\htdocs\\aplikasi_sewa_lapang\\vendor\\illuminate\\database\\Eloquent\\Model.php(839): Illuminate\\Database\\Eloquent\\Builder->__call('insertGetId', Array)
#9 D:\\htdocs\\aplikasi_sewa_lapang\\vendor\\illuminate\\database\\Eloquent\\Model.php(804): Illuminate\\Database\\Eloquent\\Model->insertAndSetId(Object(Illuminate\\Database\\Eloquent\\Builder), Array)
#10 D:\\htdocs\\aplikasi_sewa_lapang\\vendor\\illuminate\\database\\Eloquent\\Model.php(667): Illuminate\\Database\\Eloquent\\Model->performInsert(Object(Illuminate\\Database\\Eloquent\\Builder))
#11 D:\\htdocs\\aplikasi_sewa_lapang\\app\\Http\\Controllers\\AdminController.php(38): Illuminate\\Database\\Eloquent\\Model->save()
#12 [internal function]: App\\Http\\Controllers\\AdminController->store(Object(Laravel\\Lumen\\Http\\Request))
#13 D:\\htdocs\\aplikasi_sewa_lapang\\vendor\\illuminate\\container\\BoundMethod.php(32): call_user_func_array(Array, Array)
#14 D:\\htdocs\\aplikasi_sewa_lapang\\vendor\\illuminate\\container\\Util.php(36): Illuminate\\Container\\BoundMethod::Illuminate\\Container\\{closure}()
#15 D:\\htdocs\\aplikasi_sewa_lapang\\vendor\\illuminate\\container\\BoundMethod.php(90): Illuminate\\Container\\Util::unwrapIfClosure(Object(Closure))
#16 D:\\htdocs\\aplikasi_sewa_lapang\\vendor\\illuminate\\container\\BoundMethod.php(34): Illuminate\\Container\\BoundMethod::callBoundMethod(Object(Laravel\\Lumen\\Application), Array, Object(Closure))
#17 D:\\htdocs\\aplikasi_sewa_lapang\\vendor\\illuminate\\container\\Container.php(590): Illuminate\\Container\\BoundMethod::call(Object(Laravel\\Lumen\\Application), Array, Array, NULL)
#18 D:\\htdocs\\aplikasi_sewa_lapang\\vendor\\laravel\\lumen-framework\\src\\Concerns\\RoutesRequests.php(376): Illuminate\\Container\\Container->call(Array, Array)
#19 D:\\htdocs\\aplikasi_sewa_lapang\\vendor\\laravel\\lumen-framework\\src\\Concerns\\RoutesRequests.php(342): Laravel\\Lumen\\Application->callControllerCallable(Array, Array)
#20 D:\\htdocs\\aplikasi_sewa_lapang\\vendor\\laravel\\lumen-framework\\src\\Concerns\\RoutesRequests.php(316): Laravel\\Lumen\\Application->callLumenController(Object(App\\Http\\Controllers\\AdminController), 'store', Array)
#21 D:\\htdocs\\aplikasi_sewa_lapang\\vendor\\laravel\\lumen-framework\\src\\Concerns\\RoutesRequests.php(278): Laravel\\Lumen\\Application->callControllerAction(Array)
#22 D:\\htdocs\\aplikasi_sewa_lapang\\vendor\\laravel\\lumen-framework\\src\\Concerns\\RoutesRequests.php(263): Laravel\\Lumen\\Application->callActionOnArrayBasedRoute(Array)
#23 D:\\htdocs\\aplikasi_sewa_lapang\\vendor\\laravel\\lumen-framework\\src\\Concerns\\RoutesRequests.php(165): Laravel\\Lumen\\Application->handleFoundRoute(Array)
#24 D:\\htdocs\\aplikasi_sewa_lapang\\vendor\\laravel\\lumen-framework\\src\\Concerns\\RoutesRequests.php(416): Laravel\\Lumen\\Application->Laravel\\Lumen\\Concerns\\{closure}(Object(Laravel\\Lumen\\Http\\Request))
#25 D:\\htdocs\\aplikasi_sewa_lapang\\vendor\\laravel\\lumen-framework\\src\\Concerns\\RoutesRequests.php(171): Laravel\\Lumen\\Application->sendThroughPipeline(Array, Object(Closure))
#26 D:\\htdocs\\aplikasi_sewa_lapang\\vendor\\laravel\\lumen-framework\\src\\Concerns\\RoutesRequests.php(108): Laravel\\Lumen\\Application->dispatch(NULL)
#27 D:\\htdocs\\aplikasi_sewa_lapang\\public\\index.php(28): Laravel\\Lumen\\Application->run()
#28 {main}
"} 
[2020-01-18 02:41:02] local.ERROR: PDOException: SQLSTATE[HY000]: General error: 1364 Field 'nama_admin' doesn't have a default value in D:\htdocs\aplikasi_sewa_lapang\vendor\illuminate\database\Connection.php:463
Stack trace:
#0 D:\htdocs\aplikasi_sewa_lapang\vendor\illuminate\database\Connection.php(463): PDOStatement->execute()
#1 D:\htdocs\aplikasi_sewa_lapang\vendor\illuminate\database\Connection.php(662): Illuminate\Database\Connection->Illuminate\Database\{closure}('insert into `ad...', Array)
#2 D:\htdocs\aplikasi_sewa_lapang\vendor\illuminate\database\Connection.php(629): Illuminate\Database\Connection->runQueryCallback('insert into `ad...', Array, Object(Closure))
#3 D:\htdocs\aplikasi_sewa_lapang\vendor\illuminate\database\Connection.php(464): Illuminate\Database\Connection->run('insert into `ad...', Array, Object(Closure))
#4 D:\htdocs\aplikasi_sewa_lapang\vendor\illuminate\database\Connection.php(416): Illuminate\Database\Connection->statement('insert into `ad...', Array)
#5 D:\htdocs\aplikasi_sewa_lapang\vendor\illuminate\database\Query\Processors\Processor.php(32): Illuminate\Database\Connection->insert('insert into `ad...', Array)
#6 D:\htdocs\aplikasi_sewa_lapang\vendor\illuminate\database\Query\Builder.php(2672): Illuminate\Database\Query\Processors\Processor->processInsertGetId(Object(Illuminate\Database\Query\Builder), 'insert into `ad...', Array, 'id')
#7 D:\htdocs\aplikasi_sewa_lapang\vendor\illuminate\database\Eloquent\Builder.php(1352): Illuminate\Database\Query\Builder->insertGetId(Array, 'id')
#8 D:\htdocs\aplikasi_sewa_lapang\vendor\illuminate\database\Eloquent\Model.php(839): Illuminate\Database\Eloquent\Builder->__call('insertGetId', Array)
#9 D:\htdocs\aplikasi_sewa_lapang\vendor\illuminate\database\Eloquent\Model.php(804): Illuminate\Database\Eloquent\Model->insertAndSetId(Object(Illuminate\Database\Eloquent\Builder), Array)
#10 D:\htdocs\aplikasi_sewa_lapang\vendor\illuminate\database\Eloquent\Model.php(667): Illuminate\Database\Eloquent\Model->performInsert(Object(Illuminate\Database\Eloquent\Builder))
#11 D:\htdocs\aplikasi_sewa_lapang\app\Http\Controllers\AdminController.php(38): Illuminate\Database\Eloquent\Model->save()
#12 [internal function]: App\Http\Controllers\AdminController->store(Object(Laravel\Lumen\Http\Request))
#13 D:\htdocs\aplikasi_sewa_lapang\vendor\illuminate\container\BoundMethod.php(32): call_user_func_array(Array, Array)
#14 D:\htdocs\aplikasi_sewa_lapang\vendor\illuminate\container\Util.php(36): Illuminate\Container\BoundMethod::Illuminate\Container\{closure}()
#15 D:\htdocs\aplikasi_sewa_lapang\vendor\illuminate\container\BoundMethod.php(90): Illuminate\Container\Util::unwrapIfClosure(Object(Closure))
#16 D:\htdocs\aplikasi_sewa_lapang\vendor\illuminate\container\BoundMethod.php(34): Illuminate\Container\BoundMethod::callBoundMethod(Object(Laravel\Lumen\Application), Array, Object(Closure))
#17 D:\htdocs\aplikasi_sewa_lapang\vendor\illuminate\container\Container.php(590): Illuminate\Container\BoundMethod::call(Object(Laravel\Lumen\Application), Array, Array, NULL)
#18 D:\htdocs\aplikasi_sewa_lapang\vendor\laravel\lumen-framework\src\Concerns\RoutesRequests.php(376): Illuminate\Container\Container->call(Array, Array)
#19 D:\htdocs\aplikasi_sewa_lapang\vendor\laravel\lumen-framework\src\Concerns\RoutesRequests.php(342): Laravel\Lumen\Application->callControllerCallable(Array, Array)
#20 D:\htdocs\aplikasi_sewa_lapang\vendor\laravel\lumen-framework\src\Concerns\RoutesRequests.php(316): Laravel\Lumen\Application->callLumenController(Object(App\Http\Controllers\AdminController), 'store', Array)
#21 D:\htdocs\aplikasi_sewa_lapang\vendor\laravel\lumen-framework\src\Concerns\RoutesRequests.php(278): Laravel\Lumen\Application->callControllerAction(Array)
#22 D:\htdocs\aplikasi_sewa_lapang\vendor\laravel\lumen-framework\src\Concerns\RoutesRequests.php(263): Laravel\Lumen\Application->callActionOnArrayBasedRoute(Array)
#23 D:\htdocs\aplikasi_sewa_lapang\vendor\laravel\lumen-framework\src\Concerns\RoutesRequests.php(165): Laravel\Lumen\Application->handleFoundRoute(Array)
#24 D:\htdocs\aplikasi_sewa_lapang\vendor\laravel\lumen-framework\src\Concerns\RoutesRequests.php(416): Laravel\Lumen\Application->Laravel\Lumen\Concerns\{closure}(Object(Laravel\Lumen\Http\Request))
#25 D:\htdocs\aplikasi_sewa_lapang\vendor\laravel\lumen-framework\src\Concerns\RoutesRequests.php(171): Laravel\Lumen\Application->sendThroughPipeline(Array, Object(Closure))
#26 D:\htdocs\aplikasi_sewa_lapang\vendor\laravel\lumen-framework\src\Concerns\RoutesRequests.php(108): Laravel\Lumen\Application->dispatch(NULL)
#27 D:\htdocs\aplikasi_sewa_lapang\public\index.php(28): Laravel\Lumen\Application->run()
#28 {main}

Next Illuminate\Database\QueryException: SQLSTATE[HY000]: General error: 1364 Field 'nama_admin' doesn't have a default value (SQL: insert into `admin` (`username`, `password`, `updated_at`, `created_at`) values (Ini adalah username admin, $2y$10$UWZlOTDA6/BzmREDUFift.JRF8keDE0JEcPNQFBsMrjTp/yIg4Rqy, 2020-01-18 02:41:02, 2020-01-18 02:41:02)) in D:\htdocs\aplikasi_sewa_lapang\vendor\illuminate\database\Connection.php:669
Stack trace:
#0 D:\htdocs\aplikasi_sewa_lapang\vendor\illuminate\database\Connection.php(629): Illuminate\Database\Connection->runQueryCallback('insert into `ad...', Array, Object(Closure))
#1 D:\htdocs\aplikasi_sewa_lapang\vendor\illuminate\database\Connection.php(464): Illuminate\Database\Connection->run('insert into `ad...', Array, Object(Closure))
#2 D:\htdocs\aplikasi_sewa_lapang\vendor\illuminate\database\Connection.php(416): Illuminate\Database\Connection->statement('insert into `ad...', Array)
#3 D:\htdocs\aplikasi_sewa_lapang\vendor\illuminate\database\Query\Processors\Processor.php(32): Illuminate\Database\Connection->insert('insert into `ad...', Array)
#4 D:\htdocs\aplikasi_sewa_lapang\vendor\illuminate\database\Query\Builder.php(2672): Illuminate\Database\Query\Processors\Processor->processInsertGetId(Object(Illuminate\Database\Query\Builder), 'insert into `ad...', Array, 'id')
#5 D:\htdocs\aplikasi_sewa_lapang\vendor\illuminate\database\Eloquent\Builder.php(1352): Illuminate\Database\Query\Builder->insertGetId(Array, 'id')
#6 D:\htdocs\aplikasi_sewa_lapang\vendor\illuminate\database\Eloquent\Model.php(839): Illuminate\Database\Eloquent\Builder->__call('insertGetId', Array)
#7 D:\htdocs\aplikasi_sewa_lapang\vendor\illuminate\database\Eloquent\Model.php(804): Illuminate\Database\Eloquent\Model->insertAndSetId(Object(Illuminate\Database\Eloquent\Builder), Array)
#8 D:\htdocs\aplikasi_sewa_lapang\vendor\illuminate\database\Eloquent\Model.php(667): Illuminate\Database\Eloquent\Model->performInsert(Object(Illuminate\Database\Eloquent\Builder))
#9 D:\htdocs\aplikasi_sewa_lapang\app\Http\Controllers\AdminController.php(38): Illuminate\Database\Eloquent\Model->save()
#10 [internal function]: App\Http\Controllers\AdminController->store(Object(Laravel\Lumen\Http\Request))
#11 D:\htdocs\aplikasi_sewa_lapang\vendor\illuminate\container\BoundMethod.php(32): call_user_func_array(Array, Array)
#12 D:\htdocs\aplikasi_sewa_lapang\vendor\illuminate\container\Util.php(36): Illuminate\Container\BoundMethod::Illuminate\Container\{closure}()
#13 D:\htdocs\aplikasi_sewa_lapang\vendor\illuminate\container\BoundMethod.php(90): Illuminate\Container\Util::unwrapIfClosure(Object(Closure))
#14 D:\htdocs\aplikasi_sewa_lapang\vendor\illuminate\container\BoundMethod.php(34): Illuminate\Container\BoundMethod::callBoundMethod(Object(Laravel\Lumen\Application), Array, Object(Closure))
#15 D:\htdocs\aplikasi_sewa_lapang\vendor\illuminate\container\Container.php(590): Illuminate\Container\BoundMethod::call(Object(Laravel\Lumen\Application), Array, Array, NULL)
#16 D:\htdocs\aplikasi_sewa_lapang\vendor\laravel\lumen-framework\src\Concerns\RoutesRequests.php(376): Illuminate\Container\Container->call(Array, Array)
#17 D:\htdocs\aplikasi_sewa_lapang\vendor\laravel\lumen-framework\src\Concerns\RoutesRequests.php(342): Laravel\Lumen\Application->callControllerCallable(Array, Array)
#18 D:\htdocs\aplikasi_sewa_lapang\vendor\laravel\lumen-framework\src\Concerns\RoutesRequests.php(316): Laravel\Lumen\Application->callLumenController(Object(App\Http\Controllers\AdminController), 'store', Array)
#19 D:\htdocs\aplikasi_sewa_lapang\vendor\laravel\lumen-framework\src\Concerns\RoutesRequests.php(278): Laravel\Lumen\Application->callControllerAction(Array)
#20 D:\htdocs\aplikasi_sewa_lapang\vendor\laravel\lumen-framework\src\Concerns\RoutesRequests.php(263): Laravel\Lumen\Application->callActionOnArrayBasedRoute(Array)
#21 D:\htdocs\aplikasi_sewa_lapang\vendor\laravel\lumen-framework\src\Concerns\RoutesRequests.php(165): Laravel\Lumen\Application->handleFoundRoute(Array)
#22 D:\htdocs\aplikasi_sewa_lapang\vendor\laravel\lumen-framework\src\Concerns\RoutesRequests.php(416): Laravel\Lumen\Application->Laravel\Lumen\Concerns\{closure}(Object(Laravel\Lumen\Http\Request))
#23 D:\htdocs\aplikasi_sewa_lapang\vendor\laravel\lumen-framework\src\Concerns\RoutesRequests.php(171): Laravel\Lumen\Application->sendThroughPipeline(Array, Object(Closure))
#24 D:\htdocs\aplikasi_sewa_lapang\vendor\laravel\lumen-framework\src\Concerns\RoutesRequests.php(108): Laravel\Lumen\Application->dispatch(NULL)
#25 D:\htdocs\aplikasi_sewa_lapang\public\index.php(28): Laravel\Lumen\Application->run()
#26 {main} {"exception":"[object] (Illuminate\\Database\\QueryException(code: HY000): SQLSTATE[HY000]: General error: 1364 Field 'nama_admin' doesn't have a default value (SQL: insert into `admin` (`username`, `password`, `updated_at`, `created_at`) values (Ini adalah username admin, $2y$10$UWZlOTDA6/BzmREDUFift.JRF8keDE0JEcPNQFBsMrjTp/yIg4Rqy, 2020-01-18 02:41:02, 2020-01-18 02:41:02)) at D:\\htdocs\\aplikasi_sewa_lapang\\vendor\\illuminate\\database\\Connection.php:669)
[stacktrace]
#0 D:\\htdocs\\aplikasi_sewa_lapang\\vendor\\illuminate\\database\\Connection.php(629): Illuminate\\Database\\Connection->runQueryCallback('insert into `ad...', Array, Object(Closure))
#1 D:\\htdocs\\aplikasi_sewa_lapang\\vendor\\illuminate\\database\\Connection.php(464): Illuminate\\Database\\Connection->run('insert into `ad...', Array, Object(Closure))
#2 D:\\htdocs\\aplikasi_sewa_lapang\\vendor\\illuminate\\database\\Connection.php(416): Illuminate\\Database\\Connection->statement('insert into `ad...', Array)
#3 D:\\htdocs\\aplikasi_sewa_lapang\\vendor\\illuminate\\database\\Query\\Processors\\Processor.php(32): Illuminate\\Database\\Connection->insert('insert into `ad...', Array)
#4 D:\\htdocs\\aplikasi_sewa_lapang\\vendor\\illuminate\\database\\Query\\Builder.php(2672): Illuminate\\Database\\Query\\Processors\\Processor->processInsertGetId(Object(Illuminate\\Database\\Query\\Builder), 'insert into `ad...', Array, 'id')
#5 D:\\htdocs\\aplikasi_sewa_lapang\\vendor\\illuminate\\database\\Eloquent\\Builder.php(1352): Illuminate\\Database\\Query\\Builder->insertGetId(Array, 'id')
#6 D:\\htdocs\\aplikasi_sewa_lapang\\vendor\\illuminate\\database\\Eloquent\\Model.php(839): Illuminate\\Database\\Eloquent\\Builder->__call('insertGetId', Array)
#7 D:\\htdocs\\aplikasi_sewa_lapang\\vendor\\illuminate\\database\\Eloquent\\Model.php(804): Illuminate\\Database\\Eloquent\\Model->insertAndSetId(Object(Illuminate\\Database\\Eloquent\\Builder), Array)
#8 D:\\htdocs\\aplikasi_sewa_lapang\\vendor\\illuminate\\database\\Eloquent\\Model.php(667): Illuminate\\Database\\Eloquent\\Model->performInsert(Object(Illuminate\\Database\\Eloquent\\Builder))
#9 D:\\htdocs\\aplikasi_sewa_lapang\\app\\Http\\Controllers\\AdminController.php(38): Illuminate\\Database\\Eloquent\\Model->save()
#10 [internal function]: App\\Http\\Controllers\\AdminController->store(Object(Laravel\\Lumen\\Http\\Request))
#11 D:\\htdocs\\aplikasi_sewa_lapang\\vendor\\illuminate\\container\\BoundMethod.php(32): call_user_func_array(Array, Array)
#12 D:\\htdocs\\aplikasi_sewa_lapang\\vendor\\illuminate\\container\\Util.php(36): Illuminate\\Container\\BoundMethod::Illuminate\\Container\\{closure}()
#13 D:\\htdocs\\aplikasi_sewa_lapang\\vendor\\illuminate\\container\\BoundMethod.php(90): Illuminate\\Container\\Util::unwrapIfClosure(Object(Closure))
#14 D:\\htdocs\\aplikasi_sewa_lapang\\vendor\\illuminate\\container\\BoundMethod.php(34): Illuminate\\Container\\BoundMethod::callBoundMethod(Object(Laravel\\Lumen\\Application), Array, Object(Closure))
#15 D:\\htdocs\\aplikasi_sewa_lapang\\vendor\\illuminate\\container\\Container.php(590): Illuminate\\Container\\BoundMethod::call(Object(Laravel\\Lumen\\Application), Array, Array, NULL)
#16 D:\\htdocs\\aplikasi_sewa_lapang\\vendor\\laravel\\lumen-framework\\src\\Concerns\\RoutesRequests.php(376): Illuminate\\Container\\Container->call(Array, Array)
#17 D:\\htdocs\\aplikasi_sewa_lapang\\vendor\\laravel\\lumen-framework\\src\\Concerns\\RoutesRequests.php(342): Laravel\\Lumen\\Application->callControllerCallable(Array, Array)
#18 D:\\htdocs\\aplikasi_sewa_lapang\\vendor\\laravel\\lumen-framework\\src\\Concerns\\RoutesRequests.php(316): Laravel\\Lumen\\Application->callLumenController(Object(App\\Http\\Controllers\\AdminController), 'store', Array)
#19 D:\\htdocs\\aplikasi_sewa_lapang\\vendor\\laravel\\lumen-framework\\src\\Concerns\\RoutesRequests.php(278): Laravel\\Lumen\\Application->callControllerAction(Array)
#20 D:\\htdocs\\aplikasi_sewa_lapang\\vendor\\laravel\\lumen-framework\\src\\Concerns\\RoutesRequests.php(263): Laravel\\Lumen\\Application->callActionOnArrayBasedRoute(Array)
#21 D:\\htdocs\\aplikasi_sewa_lapang\\vendor\\laravel\\lumen-framework\\src\\Concerns\\RoutesRequests.php(165): Laravel\\Lumen\\Application->handleFoundRoute(Array)
#22 D:\\htdocs\\aplikasi_sewa_lapang\\vendor\\laravel\\lumen-framework\\src\\Concerns\\RoutesRequests.php(416): Laravel\\Lumen\\Application->Laravel\\Lumen\\Concerns\\{closure}(Object(Laravel\\Lumen\\Http\\Request))
#23 D:\\htdocs\\aplikasi_sewa_lapang\\vendor\\laravel\\lumen-framework\\src\\Concerns\\RoutesRequests.php(171): Laravel\\Lumen\\Application->sendThroughPipeline(Array, Object(Closure))
#24 D:\\htdocs\\aplikasi_sewa_lapang\\vendor\\laravel\\lumen-framework\\src\\Concerns\\RoutesRequests.php(108): Laravel\\Lumen\\Application->dispatch(NULL)
#25 D:\\htdocs\\aplikasi_sewa_lapang\\public\\index.php(28): Laravel\\Lumen\\Application->run()
#26 {main}

[previous exception] [object] (PDOException(code: HY000): SQLSTATE[HY000]: General error: 1364 Field 'nama_admin' doesn't have a default value at D:\\htdocs\\aplikasi_sewa_lapang\\vendor\\illuminate\\database\\Connection.php:463)
[stacktrace]
#0 D:\\htdocs\\aplikasi_sewa_lapang\\vendor\\illuminate\\database\\Connection.php(463): PDOStatement->execute()
#1 D:\\htdocs\\aplikasi_sewa_lapang\\vendor\\illuminate\\database\\Connection.php(662): Illuminate\\Database\\Connection->Illuminate\\Database\\{closure}('insert into `ad...', Array)
#2 D:\\htdocs\\aplikasi_sewa_lapang\\vendor\\illuminate\\database\\Connection.php(629): Illuminate\\Database\\Connection->runQueryCallback('insert into `ad...', Array, Object(Closure))
#3 D:\\htdocs\\aplikasi_sewa_lapang\\vendor\\illuminate\\database\\Connection.php(464): Illuminate\\Database\\Connection->run('insert into `ad...', Array, Object(Closure))
#4 D:\\htdocs\\aplikasi_sewa_lapang\\vendor\\illuminate\\database\\Connection.php(416): Illuminate\\Database\\Connection->statement('insert into `ad...', Array)
#5 D:\\htdocs\\aplikasi_sewa_lapang\\vendor\\illuminate\\database\\Query\\Processors\\Processor.php(32): Illuminate\\Database\\Connection->insert('insert into `ad...', Array)
#6 D:\\htdocs\\aplikasi_sewa_lapang\\vendor\\illuminate\\database\\Query\\Builder.php(2672): Illuminate\\Database\\Query\\Processors\\Processor->processInsertGetId(Object(Illuminate\\Database\\Query\\Builder), 'insert into `ad...', Array, 'id')
#7 D:\\htdocs\\aplikasi_sewa_lapang\\vendor\\illuminate\\database\\Eloquent\\Builder.php(1352): Illuminate\\Database\\Query\\Builder->insertGetId(Array, 'id')
#8 D:\\htdocs\\aplikasi_sewa_lapang\\vendor\\illuminate\\database\\Eloquent\\Model.php(839): Illuminate\\Database\\Eloquent\\Builder->__call('insertGetId', Array)
#9 D:\\htdocs\\aplikasi_sewa_lapang\\vendor\\illuminate\\database\\Eloquent\\Model.php(804): Illuminate\\Database\\Eloquent\\Model->insertAndSetId(Object(Illuminate\\Database\\Eloquent\\Builder), Array)
#10 D:\\htdocs\\aplikasi_sewa_lapang\\vendor\\illuminate\\database\\Eloquent\\Model.php(667): Illuminate\\Database\\Eloquent\\Model->performInsert(Object(Illuminate\\Database\\Eloquent\\Builder))
#11 D:\\htdocs\\aplikasi_sewa_lapang\\app\\Http\\Controllers\\AdminController.php(38): Illuminate\\Database\\Eloquent\\Model->save()
#12 [internal function]: App\\Http\\Controllers\\AdminController->store(Object(Laravel\\Lumen\\Http\\Request))
#13 D:\\htdocs\\aplikasi_sewa_lapang\\vendor\\illuminate\\container\\BoundMethod.php(32): call_user_func_array(Array, Array)
#14 D:\\htdocs\\aplikasi_sewa_lapang\\vendor\\illuminate\\container\\Util.php(36): Illuminate\\Container\\BoundMethod::Illuminate\\Container\\{closure}()
#15 D:\\htdocs\\aplikasi_sewa_lapang\\vendor\\illuminate\\container\\BoundMethod.php(90): Illuminate\\Container\\Util::unwrapIfClosure(Object(Closure))
#16 D:\\htdocs\\aplikasi_sewa_lapang\\vendor\\illuminate\\container\\BoundMethod.php(34): Illuminate\\Container\\BoundMethod::callBoundMethod(Object(Laravel\\Lumen\\Application), Array, Object(Closure))
#17 D:\\htdocs\\aplikasi_sewa_lapang\\vendor\\illuminate\\container\\Container.php(590): Illuminate\\Container\\BoundMethod::call(Object(Laravel\\Lumen\\Application), Array, Array, NULL)
#18 D:\\htdocs\\aplikasi_sewa_lapang\\vendor\\laravel\\lumen-framework\\src\\Concerns\\RoutesRequests.php(376): Illuminate\\Container\\Container->call(Array, Array)
#19 D:\\htdocs\\aplikasi_sewa_lapang\\vendor\\laravel\\lumen-framework\\src\\Concerns\\RoutesRequests.php(342): Laravel\\Lumen\\Application->callControllerCallable(Array, Array)
#20 D:\\htdocs\\aplikasi_sewa_lapang\\vendor\\laravel\\lumen-framework\\src\\Concerns\\RoutesRequests.php(316): Laravel\\Lumen\\Application->callLumenController(Object(App\\Http\\Controllers\\AdminController), 'store', Array)
#21 D:\\htdocs\\aplikasi_sewa_lapang\\vendor\\laravel\\lumen-framework\\src\\Concerns\\RoutesRequests.php(278): Laravel\\Lumen\\Application->callControllerAction(Array)
#22 D:\\htdocs\\aplikasi_sewa_lapang\\vendor\\laravel\\lumen-framework\\src\\Concerns\\RoutesRequests.php(263): Laravel\\Lumen\\Application->callActionOnArrayBasedRoute(Array)
#23 D:\\htdocs\\aplikasi_sewa_lapang\\vendor\\laravel\\lumen-framework\\src\\Concerns\\RoutesRequests.php(165): Laravel\\Lumen\\Application->handleFoundRoute(Array)
#24 D:\\htdocs\\aplikasi_sewa_lapang\\vendor\\laravel\\lumen-framework\\src\\Concerns\\RoutesRequests.php(416): Laravel\\Lumen\\Application->Laravel\\Lumen\\Concerns\\{closure}(Object(Laravel\\Lumen\\Http\\Request))
#25 D:\\htdocs\\aplikasi_sewa_lapang\\vendor\\laravel\\lumen-framework\\src\\Concerns\\RoutesRequests.php(171): Laravel\\Lumen\\Application->sendThroughPipeline(Array, Object(Closure))
#26 D:\\htdocs\\aplikasi_sewa_lapang\\vendor\\laravel\\lumen-framework\\src\\Concerns\\RoutesRequests.php(108): Laravel\\Lumen\\Application->dispatch(NULL)
#27 D:\\htdocs\\aplikasi_sewa_lapang\\public\\index.php(28): Laravel\\Lumen\\Application->run()
#28 {main}
"} 
[2020-01-18 02:41:18] local.ERROR: PDOException: SQLSTATE[HY000]: General error: 1364 Field 'nama_admin' doesn't have a default value in D:\htdocs\aplikasi_sewa_lapang\vendor\illuminate\database\Connection.php:463
Stack trace:
#0 D:\htdocs\aplikasi_sewa_lapang\vendor\illuminate\database\Connection.php(463): PDOStatement->execute()
#1 D:\htdocs\aplikasi_sewa_lapang\vendor\illuminate\database\Connection.php(662): Illuminate\Database\Connection->Illuminate\Database\{closure}('insert into `ad...', Array)
#2 D:\htdocs\aplikasi_sewa_lapang\vendor\illuminate\database\Connection.php(629): Illuminate\Database\Connection->runQueryCallback('insert into `ad...', Array, Object(Closure))
#3 D:\htdocs\aplikasi_sewa_lapang\vendor\illuminate\database\Connection.php(464): Illuminate\Database\Connection->run('insert into `ad...', Array, Object(Closure))
#4 D:\htdocs\aplikasi_sewa_lapang\vendor\illuminate\database\Connection.php(416): Illuminate\Database\Connection->statement('insert into `ad...', Array)
#5 D:\htdocs\aplikasi_sewa_lapang\vendor\illuminate\database\Query\Processors\Processor.php(32): Illuminate\Database\Connection->insert('insert into `ad...', Array)
#6 D:\htdocs\aplikasi_sewa_lapang\vendor\illuminate\database\Query\Builder.php(2672): Illuminate\Database\Query\Processors\Processor->processInsertGetId(Object(Illuminate\Database\Query\Builder), 'insert into `ad...', Array, 'id')
#7 D:\htdocs\aplikasi_sewa_lapang\vendor\illuminate\database\Eloquent\Builder.php(1352): Illuminate\Database\Query\Builder->insertGetId(Array, 'id')
#8 D:\htdocs\aplikasi_sewa_lapang\vendor\illuminate\database\Eloquent\Model.php(839): Illuminate\Database\Eloquent\Builder->__call('insertGetId', Array)
#9 D:\htdocs\aplikasi_sewa_lapang\vendor\illuminate\database\Eloquent\Model.php(804): Illuminate\Database\Eloquent\Model->insertAndSetId(Object(Illuminate\Database\Eloquent\Builder), Array)
#10 D:\htdocs\aplikasi_sewa_lapang\vendor\illuminate\database\Eloquent\Model.php(667): Illuminate\Database\Eloquent\Model->performInsert(Object(Illuminate\Database\Eloquent\Builder))
#11 D:\htdocs\aplikasi_sewa_lapang\app\Http\Controllers\AdminController.php(38): Illuminate\Database\Eloquent\Model->save()
#12 [internal function]: App\Http\Controllers\AdminController->store(Object(Laravel\Lumen\Http\Request))
#13 D:\htdocs\aplikasi_sewa_lapang\vendor\illuminate\container\BoundMethod.php(32): call_user_func_array(Array, Array)
#14 D:\htdocs\aplikasi_sewa_lapang\vendor\illuminate\container\Util.php(36): Illuminate\Container\BoundMethod::Illuminate\Container\{closure}()
#15 D:\htdocs\aplikasi_sewa_lapang\vendor\illuminate\container\BoundMethod.php(90): Illuminate\Container\Util::unwrapIfClosure(Object(Closure))
#16 D:\htdocs\aplikasi_sewa_lapang\vendor\illuminate\container\BoundMethod.php(34): Illuminate\Container\BoundMethod::callBoundMethod(Object(Laravel\Lumen\Application), Array, Object(Closure))
#17 D:\htdocs\aplikasi_sewa_lapang\vendor\illuminate\container\Container.php(590): Illuminate\Container\BoundMethod::call(Object(Laravel\Lumen\Application), Array, Array, NULL)
#18 D:\htdocs\aplikasi_sewa_lapang\vendor\laravel\lumen-framework\src\Concerns\RoutesRequests.php(376): Illuminate\Container\Container->call(Array, Array)
#19 D:\htdocs\aplikasi_sewa_lapang\vendor\laravel\lumen-framework\src\Concerns\RoutesRequests.php(342): Laravel\Lumen\Application->callControllerCallable(Array, Array)
#20 D:\htdocs\aplikasi_sewa_lapang\vendor\laravel\lumen-framework\src\Concerns\RoutesRequests.php(316): Laravel\Lumen\Application->callLumenController(Object(App\Http\Controllers\AdminController), 'store', Array)
#21 D:\htdocs\aplikasi_sewa_lapang\vendor\laravel\lumen-framework\src\Concerns\RoutesRequests.php(278): Laravel\Lumen\Application->callControllerAction(Array)
#22 D:\htdocs\aplikasi_sewa_lapang\vendor\laravel\lumen-framework\src\Concerns\RoutesRequests.php(263): Laravel\Lumen\Application->callActionOnArrayBasedRoute(Array)
#23 D:\htdocs\aplikasi_sewa_lapang\vendor\laravel\lumen-framework\src\Concerns\RoutesRequests.php(165): Laravel\Lumen\Application->handleFoundRoute(Array)
#24 D:\htdocs\aplikasi_sewa_lapang\vendor\laravel\lumen-framework\src\Concerns\RoutesRequests.php(416): Laravel\Lumen\Application->Laravel\Lumen\Concerns\{closure}(Object(Laravel\Lumen\Http\Request))
#25 D:\htdocs\aplikasi_sewa_lapang\vendor\laravel\lumen-framework\src\Concerns\RoutesRequests.php(171): Laravel\Lumen\Application->sendThroughPipeline(Array, Object(Closure))
#26 D:\htdocs\aplikasi_sewa_lapang\vendor\laravel\lumen-framework\src\Concerns\RoutesRequests.php(108): Laravel\Lumen\Application->dispatch(NULL)
#27 D:\htdocs\aplikasi_sewa_lapang\public\index.php(28): Laravel\Lumen\Application->run()
#28 {main}

Next Illuminate\Database\QueryException: SQLSTATE[HY000]: General error: 1364 Field 'nama_admin' doesn't have a default value (SQL: insert into `admin` (`username`, `password`, `updated_at`, `created_at`) values (Ini adalah username admin, $2y$10$luqi3YinZIvn6OA6ZvC.XeSxXkWQHYAfsNbPiBy0ELh11z.c.bIpi, 2020-01-18 02:41:18, 2020-01-18 02:41:18)) in D:\htdocs\aplikasi_sewa_lapang\vendor\illuminate\database\Connection.php:669
Stack trace:
#0 D:\htdocs\aplikasi_sewa_lapang\vendor\illuminate\database\Connection.php(629): Illuminate\Database\Connection->runQueryCallback('insert into `ad...', Array, Object(Closure))
#1 D:\htdocs\aplikasi_sewa_lapang\vendor\illuminate\database\Connection.php(464): Illuminate\Database\Connection->run('insert into `ad...', Array, Object(Closure))
#2 D:\htdocs\aplikasi_sewa_lapang\vendor\illuminate\database\Connection.php(416): Illuminate\Database\Connection->statement('insert into `ad...', Array)
#3 D:\htdocs\aplikasi_sewa_lapang\vendor\illuminate\database\Query\Processors\Processor.php(32): Illuminate\Database\Connection->insert('insert into `ad...', Array)
#4 D:\htdocs\aplikasi_sewa_lapang\vendor\illuminate\database\Query\Builder.php(2672): Illuminate\Database\Query\Processors\Processor->processInsertGetId(Object(Illuminate\Database\Query\Builder), 'insert into `ad...', Array, 'id')
#5 D:\htdocs\aplikasi_sewa_lapang\vendor\illuminate\database\Eloquent\Builder.php(1352): Illuminate\Database\Query\Builder->insertGetId(Array, 'id')
#6 D:\htdocs\aplikasi_sewa_lapang\vendor\illuminate\database\Eloquent\Model.php(839): Illuminate\Database\Eloquent\Builder->__call('insertGetId', Array)
#7 D:\htdocs\aplikasi_sewa_lapang\vendor\illuminate\database\Eloquent\Model.php(804): Illuminate\Database\Eloquent\Model->insertAndSetId(Object(Illuminate\Database\Eloquent\Builder), Array)
#8 D:\htdocs\aplikasi_sewa_lapang\vendor\illuminate\database\Eloquent\Model.php(667): Illuminate\Database\Eloquent\Model->performInsert(Object(Illuminate\Database\Eloquent\Builder))
#9 D:\htdocs\aplikasi_sewa_lapang\app\Http\Controllers\AdminController.php(38): Illuminate\Database\Eloquent\Model->save()
#10 [internal function]: App\Http\Controllers\AdminController->store(Object(Laravel\Lumen\Http\Request))
#11 D:\htdocs\aplikasi_sewa_lapang\vendor\illuminate\container\BoundMethod.php(32): call_user_func_array(Array, Array)
#12 D:\htdocs\aplikasi_sewa_lapang\vendor\illuminate\container\Util.php(36): Illuminate\Container\BoundMethod::Illuminate\Container\{closure}()
#13 D:\htdocs\aplikasi_sewa_lapang\vendor\illuminate\container\BoundMethod.php(90): Illuminate\Container\Util::unwrapIfClosure(Object(Closure))
#14 D:\htdocs\aplikasi_sewa_lapang\vendor\illuminate\container\BoundMethod.php(34): Illuminate\Container\BoundMethod::callBoundMethod(Object(Laravel\Lumen\Application), Array, Object(Closure))
#15 D:\htdocs\aplikasi_sewa_lapang\vendor\illuminate\container\Container.php(590): Illuminate\Container\BoundMethod::call(Object(Laravel\Lumen\Application), Array, Array, NULL)
#16 D:\htdocs\aplikasi_sewa_lapang\vendor\laravel\lumen-framework\src\Concerns\RoutesRequests.php(376): Illuminate\Container\Container->call(Array, Array)
#17 D:\htdocs\aplikasi_sewa_lapang\vendor\laravel\lumen-framework\src\Concerns\RoutesRequests.php(342): Laravel\Lumen\Application->callControllerCallable(Array, Array)
#18 D:\htdocs\aplikasi_sewa_lapang\vendor\laravel\lumen-framework\src\Concerns\RoutesRequests.php(316): Laravel\Lumen\Application->callLumenController(Object(App\Http\Controllers\AdminController), 'store', Array)
#19 D:\htdocs\aplikasi_sewa_lapang\vendor\laravel\lumen-framework\src\Concerns\RoutesRequests.php(278): Laravel\Lumen\Application->callControllerAction(Array)
#20 D:\htdocs\aplikasi_sewa_lapang\vendor\laravel\lumen-framework\src\Concerns\RoutesRequests.php(263): Laravel\Lumen\Application->callActionOnArrayBasedRoute(Array)
#21 D:\htdocs\aplikasi_sewa_lapang\vendor\laravel\lumen-framework\src\Concerns\RoutesRequests.php(165): Laravel\Lumen\Application->handleFoundRoute(Array)
#22 D:\htdocs\aplikasi_sewa_lapang\vendor\laravel\lumen-framework\src\Concerns\RoutesRequests.php(416): Laravel\Lumen\Application->Laravel\Lumen\Concerns\{closure}(Object(Laravel\Lumen\Http\Request))
#23 D:\htdocs\aplikasi_sewa_lapang\vendor\laravel\lumen-framework\src\Concerns\RoutesRequests.php(171): Laravel\Lumen\Application->sendThroughPipeline(Array, Object(Closure))
#24 D:\htdocs\aplikasi_sewa_lapang\vendor\laravel\lumen-framework\src\Concerns\RoutesRequests.php(108): Laravel\Lumen\Application->dispatch(NULL)
#25 D:\htdocs\aplikasi_sewa_lapang\public\index.php(28): Laravel\Lumen\Application->run()
#26 {main} {"exception":"[object] (Illuminate\\Database\\QueryException(code: HY000): SQLSTATE[HY000]: General error: 1364 Field 'nama_admin' doesn't have a default value (SQL: insert into `admin` (`username`, `password`, `updated_at`, `created_at`) values (Ini adalah username admin, $2y$10$luqi3YinZIvn6OA6ZvC.XeSxXkWQHYAfsNbPiBy0ELh11z.c.bIpi, 2020-01-18 02:41:18, 2020-01-18 02:41:18)) at D:\\htdocs\\aplikasi_sewa_lapang\\vendor\\illuminate\\database\\Connection.php:669)
[stacktrace]
#0 D:\\htdocs\\aplikasi_sewa_lapang\\vendor\\illuminate\\database\\Connection.php(629): Illuminate\\Database\\Connection->runQueryCallback('insert into `ad...', Array, Object(Closure))
#1 D:\\htdocs\\aplikasi_sewa_lapang\\vendor\\illuminate\\database\\Connection.php(464): Illuminate\\Database\\Connection->run('insert into `ad...', Array, Object(Closure))
#2 D:\\htdocs\\aplikasi_sewa_lapang\\vendor\\illuminate\\database\\Connection.php(416): Illuminate\\Database\\Connection->statement('insert into `ad...', Array)
#3 D:\\htdocs\\aplikasi_sewa_lapang\\vendor\\illuminate\\database\\Query\\Processors\\Processor.php(32): Illuminate\\Database\\Connection->insert('insert into `ad...', Array)
#4 D:\\htdocs\\aplikasi_sewa_lapang\\vendor\\illuminate\\database\\Query\\Builder.php(2672): Illuminate\\Database\\Query\\Processors\\Processor->processInsertGetId(Object(Illuminate\\Database\\Query\\Builder), 'insert into `ad...', Array, 'id')
#5 D:\\htdocs\\aplikasi_sewa_lapang\\vendor\\illuminate\\database\\Eloquent\\Builder.php(1352): Illuminate\\Database\\Query\\Builder->insertGetId(Array, 'id')
#6 D:\\htdocs\\aplikasi_sewa_lapang\\vendor\\illuminate\\database\\Eloquent\\Model.php(839): Illuminate\\Database\\Eloquent\\Builder->__call('insertGetId', Array)
#7 D:\\htdocs\\aplikasi_sewa_lapang\\vendor\\illuminate\\database\\Eloquent\\Model.php(804): Illuminate\\Database\\Eloquent\\Model->insertAndSetId(Object(Illuminate\\Database\\Eloquent\\Builder), Array)
#8 D:\\htdocs\\aplikasi_sewa_lapang\\vendor\\illuminate\\database\\Eloquent\\Model.php(667): Illuminate\\Database\\Eloquent\\Model->performInsert(Object(Illuminate\\Database\\Eloquent\\Builder))
#9 D:\\htdocs\\aplikasi_sewa_lapang\\app\\Http\\Controllers\\AdminController.php(38): Illuminate\\Database\\Eloquent\\Model->save()
#10 [internal function]: App\\Http\\Controllers\\AdminController->store(Object(Laravel\\Lumen\\Http\\Request))
#11 D:\\htdocs\\aplikasi_sewa_lapang\\vendor\\illuminate\\container\\BoundMethod.php(32): call_user_func_array(Array, Array)
#12 D:\\htdocs\\aplikasi_sewa_lapang\\vendor\\illuminate\\container\\Util.php(36): Illuminate\\Container\\BoundMethod::Illuminate\\Container\\{closure}()
#13 D:\\htdocs\\aplikasi_sewa_lapang\\vendor\\illuminate\\container\\BoundMethod.php(90): Illuminate\\Container\\Util::unwrapIfClosure(Object(Closure))
#14 D:\\htdocs\\aplikasi_sewa_lapang\\vendor\\illuminate\\container\\BoundMethod.php(34): Illuminate\\Container\\BoundMethod::callBoundMethod(Object(Laravel\\Lumen\\Application), Array, Object(Closure))
#15 D:\\htdocs\\aplikasi_sewa_lapang\\vendor\\illuminate\\container\\Container.php(590): Illuminate\\Container\\BoundMethod::call(Object(Laravel\\Lumen\\Application), Array, Array, NULL)
#16 D:\\htdocs\\aplikasi_sewa_lapang\\vendor\\laravel\\lumen-framework\\src\\Concerns\\RoutesRequests.php(376): Illuminate\\Container\\Container->call(Array, Array)
#17 D:\\htdocs\\aplikasi_sewa_lapang\\vendor\\laravel\\lumen-framework\\src\\Concerns\\RoutesRequests.php(342): Laravel\\Lumen\\Application->callControllerCallable(Array, Array)
#18 D:\\htdocs\\aplikasi_sewa_lapang\\vendor\\laravel\\lumen-framework\\src\\Concerns\\RoutesRequests.php(316): Laravel\\Lumen\\Application->callLumenController(Object(App\\Http\\Controllers\\AdminController), 'store', Array)
#19 D:\\htdocs\\aplikasi_sewa_lapang\\vendor\\laravel\\lumen-framework\\src\\Concerns\\RoutesRequests.php(278): Laravel\\Lumen\\Application->callControllerAction(Array)
#20 D:\\htdocs\\aplikasi_sewa_lapang\\vendor\\laravel\\lumen-framework\\src\\Concerns\\RoutesRequests.php(263): Laravel\\Lumen\\Application->callActionOnArrayBasedRoute(Array)
#21 D:\\htdocs\\aplikasi_sewa_lapang\\vendor\\laravel\\lumen-framework\\src\\Concerns\\RoutesRequests.php(165): Laravel\\Lumen\\Application->handleFoundRoute(Array)
#22 D:\\htdocs\\aplikasi_sewa_lapang\\vendor\\laravel\\lumen-framework\\src\\Concerns\\RoutesRequests.php(416): Laravel\\Lumen\\Application->Laravel\\Lumen\\Concerns\\{closure}(Object(Laravel\\Lumen\\Http\\Request))
#23 D:\\htdocs\\aplikasi_sewa_lapang\\vendor\\laravel\\lumen-framework\\src\\Concerns\\RoutesRequests.php(171): Laravel\\Lumen\\Application->sendThroughPipeline(Array, Object(Closure))
#24 D:\\htdocs\\aplikasi_sewa_lapang\\vendor\\laravel\\lumen-framework\\src\\Concerns\\RoutesRequests.php(108): Laravel\\Lumen\\Application->dispatch(NULL)
#25 D:\\htdocs\\aplikasi_sewa_lapang\\public\\index.php(28): Laravel\\Lumen\\Application->run()
#26 {main}

[previous exception] [object] (PDOException(code: HY000): SQLSTATE[HY000]: General error: 1364 Field 'nama_admin' doesn't have a default value at D:\\htdocs\\aplikasi_sewa_lapang\\vendor\\illuminate\\database\\Connection.php:463)
[stacktrace]
#0 D:\\htdocs\\aplikasi_sewa_lapang\\vendor\\illuminate\\database\\Connection.php(463): PDOStatement->execute()
#1 D:\\htdocs\\aplikasi_sewa_lapang\\vendor\\illuminate\\database\\Connection.php(662): Illuminate\\Database\\Connection->Illuminate\\Database\\{closure}('insert into `ad...', Array)
#2 D:\\htdocs\\aplikasi_sewa_lapang\\vendor\\illuminate\\database\\Connection.php(629): Illuminate\\Database\\Connection->runQueryCallback('insert into `ad...', Array, Object(Closure))
#3 D:\\htdocs\\aplikasi_sewa_lapang\\vendor\\illuminate\\database\\Connection.php(464): Illuminate\\Database\\Connection->run('insert into `ad...', Array, Object(Closure))
#4 D:\\htdocs\\aplikasi_sewa_lapang\\vendor\\illuminate\\database\\Connection.php(416): Illuminate\\Database\\Connection->statement('insert into `ad...', Array)
#5 D:\\htdocs\\aplikasi_sewa_lapang\\vendor\\illuminate\\database\\Query\\Processors\\Processor.php(32): Illuminate\\Database\\Connection->insert('insert into `ad...', Array)
#6 D:\\htdocs\\aplikasi_sewa_lapang\\vendor\\illuminate\\database\\Query\\Builder.php(2672): Illuminate\\Database\\Query\\Processors\\Processor->processInsertGetId(Object(Illuminate\\Database\\Query\\Builder), 'insert into `ad...', Array, 'id')
#7 D:\\htdocs\\aplikasi_sewa_lapang\\vendor\\illuminate\\database\\Eloquent\\Builder.php(1352): Illuminate\\Database\\Query\\Builder->insertGetId(Array, 'id')
#8 D:\\htdocs\\aplikasi_sewa_lapang\\vendor\\illuminate\\database\\Eloquent\\Model.php(839): Illuminate\\Database\\Eloquent\\Builder->__call('insertGetId', Array)
#9 D:\\htdocs\\aplikasi_sewa_lapang\\vendor\\illuminate\\database\\Eloquent\\Model.php(804): Illuminate\\Database\\Eloquent\\Model->insertAndSetId(Object(Illuminate\\Database\\Eloquent\\Builder), Array)
#10 D:\\htdocs\\aplikasi_sewa_lapang\\vendor\\illuminate\\database\\Eloquent\\Model.php(667): Illuminate\\Database\\Eloquent\\Model->performInsert(Object(Illuminate\\Database\\Eloquent\\Builder))
#11 D:\\htdocs\\aplikasi_sewa_lapang\\app\\Http\\Controllers\\AdminController.php(38): Illuminate\\Database\\Eloquent\\Model->save()
#12 [internal function]: App\\Http\\Controllers\\AdminController->store(Object(Laravel\\Lumen\\Http\\Request))
#13 D:\\htdocs\\aplikasi_sewa_lapang\\vendor\\illuminate\\container\\BoundMethod.php(32): call_user_func_array(Array, Array)
#14 D:\\htdocs\\aplikasi_sewa_lapang\\vendor\\illuminate\\container\\Util.php(36): Illuminate\\Container\\BoundMethod::Illuminate\\Container\\{closure}()
#15 D:\\htdocs\\aplikasi_sewa_lapang\\vendor\\illuminate\\container\\BoundMethod.php(90): Illuminate\\Container\\Util::unwrapIfClosure(Object(Closure))
#16 D:\\htdocs\\aplikasi_sewa_lapang\\vendor\\illuminate\\container\\BoundMethod.php(34): Illuminate\\Container\\BoundMethod::callBoundMethod(Object(Laravel\\Lumen\\Application), Array, Object(Closure))
#17 D:\\htdocs\\aplikasi_sewa_lapang\\vendor\\illuminate\\container\\Container.php(590): Illuminate\\Container\\BoundMethod::call(Object(Laravel\\Lumen\\Application), Array, Array, NULL)
#18 D:\\htdocs\\aplikasi_sewa_lapang\\vendor\\laravel\\lumen-framework\\src\\Concerns\\RoutesRequests.php(376): Illuminate\\Container\\Container->call(Array, Array)
#19 D:\\htdocs\\aplikasi_sewa_lapang\\vendor\\laravel\\lumen-framework\\src\\Concerns\\RoutesRequests.php(342): Laravel\\Lumen\\Application->callControllerCallable(Array, Array)
#20 D:\\htdocs\\aplikasi_sewa_lapang\\vendor\\laravel\\lumen-framework\\src\\Concerns\\RoutesRequests.php(316): Laravel\\Lumen\\Application->callLumenController(Object(App\\Http\\Controllers\\AdminController), 'store', Array)
#21 D:\\htdocs\\aplikasi_sewa_lapang\\vendor\\laravel\\lumen-framework\\src\\Concerns\\RoutesRequests.php(278): Laravel\\Lumen\\Application->callControllerAction(Array)
#22 D:\\htdocs\\aplikasi_sewa_lapang\\vendor\\laravel\\lumen-framework\\src\\Concerns\\RoutesRequests.php(263): Laravel\\Lumen\\Application->callActionOnArrayBasedRoute(Array)
#23 D:\\htdocs\\aplikasi_sewa_lapang\\vendor\\laravel\\lumen-framework\\src\\Concerns\\RoutesRequests.php(165): Laravel\\Lumen\\Application->handleFoundRoute(Array)
#24 D:\\htdocs\\aplikasi_sewa_lapang\\vendor\\laravel\\lumen-framework\\src\\Concerns\\RoutesRequests.php(416): Laravel\\Lumen\\Application->Laravel\\Lumen\\Concerns\\{closure}(Object(Laravel\\Lumen\\Http\\Request))
#25 D:\\htdocs\\aplikasi_sewa_lapang\\vendor\\laravel\\lumen-framework\\src\\Concerns\\RoutesRequests.php(171): Laravel\\Lumen\\Application->sendThroughPipeline(Array, Object(Closure))
#26 D:\\htdocs\\aplikasi_sewa_lapang\\vendor\\laravel\\lumen-framework\\src\\Concerns\\RoutesRequests.php(108): Laravel\\Lumen\\Application->dispatch(NULL)
#27 D:\\htdocs\\aplikasi_sewa_lapang\\public\\index.php(28): Laravel\\Lumen\\Application->run()
#28 {main}
"} 
